<?xml version="1.0" encoding="UTF-8"?>
<!-- Generated by org.testng.reporters.JUnitReportReporter -->
<testsuite hostname="DESKTOP-477P5FH" failures="0" tests="1" name="testcases.TC005_RemoveProductFromCart" time="14.815" errors="0" timestamp="2023-12-18T05:03:34 PST" skipped="0">
  <testcase classname="testcases.TC005_RemoveProductFromCart" name="removeproductformcart_P" time="14.815"/>
  <system-out/>
</testsuite> <!-- testcases.TC005_RemoveProductFromCart -->
