<?xml version="1.0" encoding="UTF-8"?>
<!-- Generated by org.testng.reporters.JUnitReportReporter -->
<testsuite hostname="DESKTOP-477P5FH" failures="0" tests="1" name="testcases.TC003_OpenShoppingCart" time="17.614" errors="0" timestamp="2023-12-18T04:25:20 PST" skipped="0">
  <testcase classname="testcases.TC003_OpenShoppingCart" name="openshoppingcart_P" time="17.614"/>
  <system-out/>
</testsuite> <!-- testcases.TC003_OpenShoppingCart -->
