<?xml version="1.0" encoding="UTF-8"?>
<!-- Generated by org.testng.reporters.JUnitReportReporter -->
<testsuite hostname="DESKTOP-477P5FH" failures="0" tests="1" name="testcases.TC01_E2EPurchaseFlow" time="9.815" errors="0" timestamp="2024-01-03T13:49:06 PST" skipped="0">
  <testcase classname="testcases.TC01_E2EPurchaseFlow" name="addproductstocart_P" time="9.815"/>
  <system-out/>
</testsuite> <!-- testcases.TC01_E2EPurchaseFlow -->
