<?xml version="1.0" encoding="UTF-8"?>
<!-- Generated by org.testng.reporters.JUnitReportReporter -->
<testsuite hostname="DESKTOP-477P5FH" failures="0" tests="1" name="testcases.TC004_SubmitOrder" time="19.918" errors="0" timestamp="2023-12-10T10:03:31 PST" skipped="0">
  <testcase classname="testcases.TC004_SubmitOrder" name="checksubmitorderfunction_P" time="19.918"/>
  <system-out/>
</testsuite> <!-- testcases.TC004_SubmitOrder -->
